<?xml version="1.0" encoding="UTF-8"?>
<!-- Generated by org.testng.reporters.JUnitReportReporter -->
<testsuite hostname="HP" failures="0" tests="1" name="com.myntra.MyntraAddToCartTest" time="9.151" errors="0" timestamp="02 Jun 2025 20:29:39 GMT" skipped="0">
  <testcase classname="com.myntra.MyntraAddToCartTest" name="validateSearch" time="9.151"/>
</testsuite> <!-- com.myntra.MyntraAddToCartTest -->
