<?xml version="1.0" encoding="UTF-8"?>
<!-- Generated by org.testng.reporters.JUnitReportReporter -->
<testsuite hostname="HP" failures="0" tests="1" name="com.AmazonPractice" time="9.746" errors="0" timestamp="29 Mar 2025 22:17:40 GMT" skipped="0">
  <testcase classname="com.AmazonPractice" name="openUrl" time="9.746"/>
</testsuite> <!-- com.AmazonPractice -->
