<?xml version="1.0" encoding="UTF-8"?>
<!-- Generated by org.testng.reporters.JUnitReportReporter -->
<testsuite hostname="HP" failures="0" tests="1" name="com.practice.framework.OpenWebsite" time="0.654" errors="0" timestamp="28 May 2025 21:46:36 GMT" skipped="0">
  <testcase classname="com.practice.framework.OpenWebsite" name="getData" time="0.654"/>
</testsuite> <!-- com.practice.framework.OpenWebsite -->
