<?xml version="1.0" encoding="UTF-8"?>
<!-- Generated by org.testng.reporters.JUnitReportReporter -->
<testsuite hostname="HP" failures="0" tests="1" name="com.myntra.BaseClass" time="26.522" errors="0" timestamp="01 Jun 2025 15:16:15 GMT" skipped="0">
  <testcase classname="com.myntra.BaseClass" name="setUp" time="26.522"/>
</testsuite> <!-- com.myntra.BaseClass -->
