<?xml version="1.0" encoding="UTF-8"?>
<!-- Generated by org.testng.reporters.JUnitReportReporter -->
<testsuite hostname="HP" failures="0" tests="1" name="com.practice.framework.AlertPractice" time="1.946" errors="0" timestamp="29 May 2025 21:21:28 GMT" skipped="0">
  <testcase classname="com.practice.framework.AlertPractice" name="testAlert" time="1.946"/>
</testsuite> <!-- com.practice.framework.AlertPractice -->
