<?xml version="1.0" encoding="UTF-8"?>
<!-- Generated by org.testng.reporters.JUnitReportReporter -->
<testsuite hostname="HP" failures="0" tests="1" name="com.myntra.MyntraSignUpTest" time="51.893" errors="0" timestamp="01 Jun 2025 20:11:54 GMT" skipped="0">
  <testcase classname="com.myntra.MyntraSignUpTest" name="signUpCheck" time="51.893"/>
</testsuite> <!-- com.myntra.MyntraSignUpTest -->
